2008.02.08 19:46 B C:\dev\Aliger\webcom\italia\web\font\courier.php --> italplastmexico.com /httpdocs/prueba/font courier.php
2008.02.08 19:46 B C:\dev\Aliger\webcom\italia\web\font\zapfdingbats.php --> italplastmexico.com /httpdocs/prueba/font zapfdingbats.php
2008.02.08 19:46 B C:\dev\Aliger\webcom\italia\web\font\symbol.php --> italplastmexico.com /httpdocs/prueba/font symbol.php
2008.02.08 19:46 B C:\dev\Aliger\webcom\italia\web\font\helveticabi.php --> italplastmexico.com /httpdocs/prueba/font helveticabi.php
2008.02.08 19:46 B C:\dev\Aliger\webcom\italia\web\font\helveticai.php --> italplastmexico.com /httpdocs/prueba/font helveticai.php
2008.02.08 19:46 B C:\dev\Aliger\webcom\italia\web\font\helveticab.php --> italplastmexico.com /httpdocs/prueba/font helveticab.php
2008.02.08 19:46 B C:\dev\Aliger\webcom\italia\web\font\helvetica.php --> italplastmexico.com /httpdocs/prueba/font helvetica.php
2008.02.08 19:46 B C:\dev\Aliger\webcom\italia\web\font\timesi.php --> italplastmexico.com /httpdocs/prueba/font timesi.php
2008.02.08 19:46 B C:\dev\Aliger\webcom\italia\web\font\timesbi.php --> italplastmexico.com /httpdocs/prueba/font timesbi.php
2008.02.08 19:46 B C:\dev\Aliger\webcom\italia\web\font\timesb.php --> italplastmexico.com /httpdocs/prueba/font timesb.php
2008.02.08 19:46 B C:\dev\Aliger\webcom\italia\web\font\times.php --> italplastmexico.com /httpdocs/prueba/font times.php
2008.02.08 19:47 B C:\dev\Aliger\webcom\italia\web\font\WS_FTP.LOG --> italplastmexico.com /httpdocs/font WS_FTP.LOG
2008.02.08 19:47 B C:\dev\Aliger\webcom\italia\web\font\courier.php --> italplastmexico.com /httpdocs/font courier.php
2008.02.08 19:47 B C:\dev\Aliger\webcom\italia\web\font\zapfdingbats.php --> italplastmexico.com /httpdocs/font zapfdingbats.php
2008.02.08 19:47 B C:\dev\Aliger\webcom\italia\web\font\symbol.php --> italplastmexico.com /httpdocs/font symbol.php
2008.02.08 19:47 B C:\dev\Aliger\webcom\italia\web\font\helveticabi.php --> italplastmexico.com /httpdocs/font helveticabi.php
2008.02.08 19:47 B C:\dev\Aliger\webcom\italia\web\font\helveticai.php --> italplastmexico.com /httpdocs/font helveticai.php
2008.02.08 19:47 B C:\dev\Aliger\webcom\italia\web\font\helveticab.php --> italplastmexico.com /httpdocs/font helveticab.php
2008.02.08 19:47 B C:\dev\Aliger\webcom\italia\web\font\helvetica.php --> italplastmexico.com /httpdocs/font helvetica.php
2008.02.08 19:47 B C:\dev\Aliger\webcom\italia\web\font\timesi.php --> italplastmexico.com /httpdocs/font timesi.php
2008.02.08 19:47 B C:\dev\Aliger\webcom\italia\web\font\timesbi.php --> italplastmexico.com /httpdocs/font timesbi.php
2008.02.08 19:47 B C:\dev\Aliger\webcom\italia\web\font\timesb.php --> italplastmexico.com /httpdocs/font timesb.php
2008.02.08 19:47 B C:\dev\Aliger\webcom\italia\web\font\times.php --> italplastmexico.com /httpdocs/font times.php
