2008.02.08 19:46 B C:\dev\Aliger\webcom\italia\web\font\makefont\makefont.php --> italplastmexico.com /httpdocs/prueba/font/makefont makefont.php
2008.02.08 19:46 B C:\dev\Aliger\webcom\italia\web\font\makefont\cp1258.map --> italplastmexico.com /httpdocs/prueba/font/makefont cp1258.map
2008.02.08 19:46 B C:\dev\Aliger\webcom\italia\web\font\makefont\koi8-u.map --> italplastmexico.com /httpdocs/prueba/font/makefont koi8-u.map
2008.02.08 19:46 B C:\dev\Aliger\webcom\italia\web\font\makefont\cp1255.map --> italplastmexico.com /httpdocs/prueba/font/makefont cp1255.map
2008.02.08 19:46 B C:\dev\Aliger\webcom\italia\web\font\makefont\cp874.map --> italplastmexico.com /httpdocs/prueba/font/makefont cp874.map
2008.02.08 19:46 B C:\dev\Aliger\webcom\italia\web\font\makefont\iso-8859-11.map --> italplastmexico.com /httpdocs/prueba/font/makefont iso-8859-11.map
2008.02.08 19:46 B C:\dev\Aliger\webcom\italia\web\font\makefont\iso-8859-9.map --> italplastmexico.com /httpdocs/prueba/font/makefont iso-8859-9.map
2008.02.08 19:46 B C:\dev\Aliger\webcom\italia\web\font\makefont\cp1254.map --> italplastmexico.com /httpdocs/prueba/font/makefont cp1254.map
2008.02.08 19:46 B C:\dev\Aliger\webcom\italia\web\font\makefont\cp1257.map --> italplastmexico.com /httpdocs/prueba/font/makefont cp1257.map
2008.02.08 19:46 B C:\dev\Aliger\webcom\italia\web\font\makefont\iso-8859-4.map --> italplastmexico.com /httpdocs/prueba/font/makefont iso-8859-4.map
2008.02.08 19:46 B C:\dev\Aliger\webcom\italia\web\font\makefont\cp1250.map --> italplastmexico.com /httpdocs/prueba/font/makefont cp1250.map
2008.02.08 19:46 B C:\dev\Aliger\webcom\italia\web\font\makefont\iso-8859-7.map --> italplastmexico.com /httpdocs/prueba/font/makefont iso-8859-7.map
2008.02.08 19:46 B C:\dev\Aliger\webcom\italia\web\font\makefont\koi8-r.map --> italplastmexico.com /httpdocs/prueba/font/makefont koi8-r.map
2008.02.08 19:46 B C:\dev\Aliger\webcom\italia\web\font\makefont\iso-8859-5.map --> italplastmexico.com /httpdocs/prueba/font/makefont iso-8859-5.map
2008.02.08 19:46 B C:\dev\Aliger\webcom\italia\web\font\makefont\iso-8859-16.map --> italplastmexico.com /httpdocs/prueba/font/makefont iso-8859-16.map
2008.02.08 19:46 B C:\dev\Aliger\webcom\italia\web\font\makefont\iso-8859-2.map --> italplastmexico.com /httpdocs/prueba/font/makefont iso-8859-2.map
2008.02.08 19:46 B C:\dev\Aliger\webcom\italia\web\font\makefont\iso-8859-1.map --> italplastmexico.com /httpdocs/prueba/font/makefont iso-8859-1.map
2008.02.08 19:46 B C:\dev\Aliger\webcom\italia\web\font\makefont\iso-8859-15.map --> italplastmexico.com /httpdocs/prueba/font/makefont iso-8859-15.map
2008.02.08 19:46 B C:\dev\Aliger\webcom\italia\web\font\makefont\cp1253.map --> italplastmexico.com /httpdocs/prueba/font/makefont cp1253.map
2008.02.08 19:46 B C:\dev\Aliger\webcom\italia\web\font\makefont\cp1252.map --> italplastmexico.com /httpdocs/prueba/font/makefont cp1252.map
2008.02.08 19:46 B C:\dev\Aliger\webcom\italia\web\font\makefont\cp1251.map --> italplastmexico.com /httpdocs/prueba/font/makefont cp1251.map
2008.02.08 19:47 B C:\dev\Aliger\webcom\italia\web\font\makefont\WS_FTP.LOG --> italplastmexico.com /httpdocs/font/makefont WS_FTP.LOG
2008.02.08 19:47 B C:\dev\Aliger\webcom\italia\web\font\makefont\makefont.php --> italplastmexico.com /httpdocs/font/makefont makefont.php
2008.02.08 19:47 B C:\dev\Aliger\webcom\italia\web\font\makefont\cp1258.map --> italplastmexico.com /httpdocs/font/makefont cp1258.map
2008.02.08 19:47 B C:\dev\Aliger\webcom\italia\web\font\makefont\koi8-u.map --> italplastmexico.com /httpdocs/font/makefont koi8-u.map
2008.02.08 19:47 B C:\dev\Aliger\webcom\italia\web\font\makefont\cp1255.map --> italplastmexico.com /httpdocs/font/makefont cp1255.map
2008.02.08 19:47 B C:\dev\Aliger\webcom\italia\web\font\makefont\cp874.map --> italplastmexico.com /httpdocs/font/makefont cp874.map
2008.02.08 19:47 B C:\dev\Aliger\webcom\italia\web\font\makefont\iso-8859-11.map --> italplastmexico.com /httpdocs/font/makefont iso-8859-11.map
2008.02.08 19:47 B C:\dev\Aliger\webcom\italia\web\font\makefont\iso-8859-9.map --> italplastmexico.com /httpdocs/font/makefont iso-8859-9.map
2008.02.08 19:47 B C:\dev\Aliger\webcom\italia\web\font\makefont\cp1254.map --> italplastmexico.com /httpdocs/font/makefont cp1254.map
2008.02.08 19:47 B C:\dev\Aliger\webcom\italia\web\font\makefont\cp1257.map --> italplastmexico.com /httpdocs/font/makefont cp1257.map
2008.02.08 19:47 B C:\dev\Aliger\webcom\italia\web\font\makefont\iso-8859-4.map --> italplastmexico.com /httpdocs/font/makefont iso-8859-4.map
2008.02.08 19:47 B C:\dev\Aliger\webcom\italia\web\font\makefont\cp1250.map --> italplastmexico.com /httpdocs/font/makefont cp1250.map
2008.02.08 19:47 B C:\dev\Aliger\webcom\italia\web\font\makefont\iso-8859-7.map --> italplastmexico.com /httpdocs/font/makefont iso-8859-7.map
2008.02.08 19:47 B C:\dev\Aliger\webcom\italia\web\font\makefont\koi8-r.map --> italplastmexico.com /httpdocs/font/makefont koi8-r.map
2008.02.08 19:47 B C:\dev\Aliger\webcom\italia\web\font\makefont\iso-8859-5.map --> italplastmexico.com /httpdocs/font/makefont iso-8859-5.map
2008.02.08 19:47 B C:\dev\Aliger\webcom\italia\web\font\makefont\iso-8859-16.map --> italplastmexico.com /httpdocs/font/makefont iso-8859-16.map
2008.02.08 19:47 B C:\dev\Aliger\webcom\italia\web\font\makefont\iso-8859-2.map --> italplastmexico.com /httpdocs/font/makefont iso-8859-2.map
2008.02.08 19:47 B C:\dev\Aliger\webcom\italia\web\font\makefont\iso-8859-1.map --> italplastmexico.com /httpdocs/font/makefont iso-8859-1.map
2008.02.08 19:47 B C:\dev\Aliger\webcom\italia\web\font\makefont\iso-8859-15.map --> italplastmexico.com /httpdocs/font/makefont iso-8859-15.map
2008.02.08 19:47 B C:\dev\Aliger\webcom\italia\web\font\makefont\cp1253.map --> italplastmexico.com /httpdocs/font/makefont cp1253.map
2008.02.08 19:47 B C:\dev\Aliger\webcom\italia\web\font\makefont\cp1252.map --> italplastmexico.com /httpdocs/font/makefont cp1252.map
2008.02.08 19:47 B C:\dev\Aliger\webcom\italia\web\font\makefont\cp1251.map --> italplastmexico.com /httpdocs/font/makefont cp1251.map
